[I 11:31:23.180 NotebookApp] [nb_conda_kernels] enabled, 5 kernels found
[I 11:31:23.976 NotebookApp] JupyterLab beta preview extension loaded from /home/antonis/anaconda2/lib/python2.7/site-packages/jupyterlab
[I 11:31:23.976 NotebookApp] JupyterLab application directory is /home/antonis/anaconda2/share/jupyter/lab
[I 11:31:24.587 NotebookApp] [nb_anacondacloud] enabled
[I 11:31:24.590 NotebookApp] [nb_conda] enabled
[I 11:31:24.627 NotebookApp] ✓ nbpresent HTML export ENABLED
[W 11:31:24.627 NotebookApp] ✗ nbpresent PDF export DISABLED: No module named nbbrowserpdf.exporters.pdf
[I 11:31:24.629 NotebookApp] Serving notebooks from local directory: /home/antonis/snorkel
[I 11:31:24.629 NotebookApp] 0 active kernels
[I 11:31:24.629 NotebookApp] The Jupyter Notebook is running at:
[I 11:31:24.629 NotebookApp] http://localhost:8999/
[I 11:31:24.629 NotebookApp] Use Control-C to stop this server and shut down all kernels (twice to skip confirmation).
[I 11:35:15.292 NotebookApp] 302 GET / (127.0.0.1) 0.74ms
[I 11:36:08.860 NotebookApp] Creating new directory in 
[I 11:36:26.772 NotebookApp] Creating new notebook in /my-code
[I 11:36:29.218 NotebookApp] Kernel started: 8ded24a4-dce6-40b4-8b10-4d5be9f8966c
[W 11:36:29.799 NotebookApp] 404 GET /nbextensions/nbpresent/css/nbpresent.min.css (127.0.0.1) 16.39ms referer=http://localhost:8999/notebooks/my-code/Untitled.ipynb?kernel_name=conda-env-python27-py
[I 11:36:29.967 NotebookApp] Adapting to protocol v5.1 for kernel 8ded24a4-dce6-40b4-8b10-4d5be9f8966c
[I 11:38:29.394 NotebookApp] Saving file at /my-code/patents.ipynb
[I 11:42:29.392 NotebookApp] Saving file at /my-code/patents.ipynb
[I 12:50:00.702 NotebookApp] Starting buffering for 8ded24a4-dce6-40b4-8b10-4d5be9f8966c:89404b39c6f846068b3367e2483f15ef
[W 12:50:04.175 NotebookApp] 404 GET /nbextensions/nbpresent/css/nbpresent.min.css (127.0.0.1) 1.76ms referer=http://localhost:8999/notebooks/my-code/patents.ipynb
[I 12:50:04.485 NotebookApp] Adapting to protocol v5.1 for kernel 8ded24a4-dce6-40b4-8b10-4d5be9f8966c
[W 12:53:04.487 NotebookApp] WebSocket ping timeout after 119847 ms.
[I 12:53:09.489 NotebookApp] Starting buffering for 8ded24a4-dce6-40b4-8b10-4d5be9f8966c:07f53dd518674638a178e232e4abe6ca
[W 13:59:29.892 NotebookApp] 404 GET /nbextensions/nbpresent/css/nbpresent.min.css (127.0.0.1) 1.73ms referer=http://localhost:8999/notebooks/my-code/patents.ipynb
[I 13:59:30.397 NotebookApp] Adapting to protocol v5.1 for kernel 8ded24a4-dce6-40b4-8b10-4d5be9f8966c
[I 14:01:30.012 NotebookApp] Saving file at /my-code/patents.ipynb
[I 15:25:29.961 NotebookApp] Saving file at /my-code/patents.ipynb
[I 15:27:30.118 NotebookApp] Saving file at /my-code/patents.ipynb
[I 15:31:29.967 NotebookApp] Saving file at /my-code/patents.ipynb
[I 15:33:30.121 NotebookApp] Saving file at /my-code/patents.ipynb
[I 15:39:30.133 NotebookApp] Saving file at /my-code/patents.ipynb
[I 16:09:30.019 NotebookApp] Saving file at /my-code/patents.ipynb
[I 16:17:30.189 NotebookApp] Saving file at /my-code/patents.ipynb
[I 16:19:30.188 NotebookApp] Saving file at /my-code/patents.ipynb
[I 16:29:30.207 NotebookApp] Saving file at /my-code/patents.ipynb
[I 16:39:30.319 NotebookApp] Saving file at /my-code/patents.ipynb
[I 16:40:08.921 NotebookApp] Copying tutorials/cdr/utils.py to /tutorials/cdr
[I 16:41:30.073 NotebookApp] Saving file at /my-code/patents.ipynb
[W 16:41:57.847 NotebookApp] 500 PATCH /api/contents/tutorials/cdr/utils_cdr.py (127.0.0.1): Unknown error renaming file: tutorials/cdr/utils_cdr.py [Errno 2] No such file or directory: u'/home/antonis/snorkel/snorkel/\\/utils_cdr.py'
[W 16:41:57.848 NotebookApp] Unknown error renaming file: tutorials/cdr/utils_cdr.py [Errno 2] No such file or directory: u'/home/antonis/snorkel/snorkel/\\/utils_cdr.py'
[E 16:41:57.848 NotebookApp] {
      "Content-Length": "35", 
      "Accept-Language": "en-US,en;q=0.5", 
      "Accept-Encoding": "gzip, deflate", 
      "X-Xsrftoken": "2|5ee4327a|55e771125566fa8464c8cdde08f85142|1522831079", 
      "X-Requested-With": "XMLHttpRequest", 
      "Host": "localhost:8999", 
      "Accept": "application/json, text/javascript, */*; q=0.01", 
      "User-Agent": "Mozilla/5.0 (Windows NT 10.0; Win64; x64; rv:52.0) Gecko/20100101 Firefox/52.0", 
      "Connection": "keep-alive", 
      "Referer": "http://localhost:8999/tree/tutorials/cdr", 
      "Cookie": "_xsrf=2|5ee4327a|55e771125566fa8464c8cdde08f85142|1522831079; username-localhost-8889=\"2|1:0|10:1523001883|23:username-localhost-8889|44:MTEwOTUyMGQwMWY1NGE5ZGEwYWE2YTcyOTQyOWFmZTI=|c1382d1af0eff1c566729b208d0ff83ce8c4979a57f231aeb63446a1fafbfd0a\"; username-localhost-8890=\"2|1:0|10:1523002178|23:username-localhost-8890|44:ZWI2MjQ2Y2M3ZDk3NGY5ZGExNjBhMDg0MWQzZmI0Njg=|1a70bd438e742b05326c9c2682fc9280dfc8f83dcc18bed5e55a2355114ee24d\"; username-localhost-7999=\"2|1:0|10:1523310058|23:username-localhost-7999|44:ZDdhZDRiMTYzMTAxNGRjZDhmYzZkMmQ1Y2FlMmUyY2Q=|01c6a9203425121b0a0c34167d7fd39c303ea123150efd1a7e0daf832c5fd11b\"; username-localhost-8999=\"2|1:0|10:1523314680|23:username-localhost-8999|44:NmQzZDVhMTdlMDI1NDYxYTg5MjdmNGY3ZmJhNmZhZmU=|da5d7ea081253ca7349cf00681ed6c248d447f488d39393fc30c7ea1148c1922\"; username-localhost-8888=\"2|1:0|10:1523391924|23:username-localhost-8888|44:ZjQzZWEwMTE4MzRjNGU4NjhkM2E4M2YyMjVhMjU4NmU=|aceac098ba2c97a0ee20061ce22c0053e8f02295c76f84149b1d86fd961a7315\"", 
      "Content-Type": "application/json"
    }
[E 16:41:57.848 NotebookApp] 500 PATCH /api/contents/tutorials/cdr/utils_cdr.py (127.0.0.1) 5.32ms referer=http://localhost:8999/tree/tutorials/cdr
[I 16:43:30.175 NotebookApp] Saving file at /my-code/patents.ipynb
[I 16:45:30.869 NotebookApp] Saving file at /my-code/patents.ipynb
[I 16:47:30.902 NotebookApp] Saving file at /my-code/patents.ipynb
[I 16:49:30.231 NotebookApp] Saving file at /my-code/patents.ipynb
[I 16:51:30.229 NotebookApp] Saving file at /my-code/patents.ipynb
[I 16:57:30.100 NotebookApp] Saving file at /my-code/patents.ipynb
[I 17:01:30.247 NotebookApp] Saving file at /my-code/patents.ipynb
-- listing properties --
port=12345
threads=1
timeout=600000
Starting server on port 12345 with timeout of 600000 milliseconds.
StanfordCoreNLPServer listening at /0:0:0:0:0:0:0:0:12345
[/127.0.0.1:59894] API call w/annotators tokenize,ssplit,pos,depparse,lemma,ner
[pool-1-thread-1] INFO edu.stanford.nlp.pipeline.StanfordCoreNLP - Adding annotator tokenize
[pool-1-thread-1] INFO edu.stanford.nlp.pipeline.TokenizerAnnotator - TokenizerAnnotator: No tokenizer type provided. Defaulting to PTBTokenizer.
[pool-1-thread-1] INFO edu.stanford.nlp.pipeline.StanfordCoreNLP - Adding annotator ssplit
[pool-1-thread-1] INFO edu.stanford.nlp.pipeline.StanfordCoreNLP - Adding annotator pos
Reading POS tagger model from edu/stanford/nlp/models/pos-tagger/english-left3words/english-left3words-distsim.tagger ... done [0.7 sec].
[pool-1-thread-1] INFO edu.stanford.nlp.pipeline.StanfordCoreNLP - Adding annotator depparse
Loading depparse model file: edu/stanford/nlp/models/parser/nndep/english_UD.gz ... 
PreComputed 100000, Elapsed Time: 1.417 (s)
Initializing dependency parser done [3.9 sec].
[pool-1-thread-1] INFO edu.stanford.nlp.pipeline.StanfordCoreNLP - Adding annotator lemma
[pool-1-thread-1] INFO edu.stanford.nlp.pipeline.StanfordCoreNLP - Adding annotator ner
Loading classifier from edu/stanford/nlp/models/ner/english.all.3class.distsim.crf.ser.gz ... done [2.1 sec].
Loading classifier from edu/stanford/nlp/models/ner/english.muc.7class.distsim.crf.ser.gz ... done [0.5 sec].
Loading classifier from edu/stanford/nlp/models/ner/english.conll.4class.distsim.crf.ser.gz ... done [0.5 sec].
[pool-1-thread-1] INFO edu.stanford.nlp.time.JollyDayHolidays - Initializing JollyDayHoliday for SUTime from classpath edu/stanford/nlp/models/sutime/jollyday/Holidays_sutime.xml as sutime.binder.1.
Reading TokensRegex rules from edu/stanford/nlp/models/sutime/defs.sutime.txt
Apr 11, 2018 5:03:00 PM edu.stanford.nlp.ling.tokensregex.CoreMapExpressionExtractor appendRules
INFO: Read 83 rules
Reading TokensRegex rules from edu/stanford/nlp/models/sutime/english.sutime.txt
Apr 11, 2018 5:03:00 PM edu.stanford.nlp.ling.tokensregex.CoreMapExpressionExtractor appendRules
INFO: Read 267 rules
Reading TokensRegex rules from edu/stanford/nlp/models/sutime/english.holidays.sutime.txt
Apr 11, 2018 5:03:00 PM edu.stanford.nlp.ling.tokensregex.CoreMapExpressionExtractor appendRules
INFO: Read 25 rules
[/127.0.0.1:59894] API call w/annotators tokenize,ssplit,pos,depparse,lemma,ner
[/127.0.0.1:59894] API call w/annotators tokenize,ssplit,pos,depparse,lemma,ner
[I 17:03:07.986 NotebookApp] Saving file at /my-code/patents.ipynb
[/127.0.0.1:59894] API call w/annotators tokenize,ssplit,pos,depparse,lemma,ner
[/127.0.0.1:59894] API call w/annotators tokenize,ssplit,pos,depparse,lemma,ner
[/127.0.0.1:59894] API call w/annotators tokenize,ssplit,pos,depparse,lemma,ner
[/127.0.0.1:59894] API call w/annotators tokenize,ssplit,pos,depparse,lemma,ner
[I 17:03:30.094 NotebookApp] Saving file at /my-code/patents.ipynb
[/127.0.0.1:59894] API call w/annotators tokenize,ssplit,pos,depparse,lemma,ner
[/127.0.0.1:59894] API call w/annotators tokenize,ssplit,pos,depparse,lemma,ner
[I 17:05:30.374 NotebookApp] Saving file at /my-code/patents.ipynb
[/127.0.0.1:59894] API call w/annotators tokenize,ssplit,pos,depparse,lemma,ner
[I 17:07:30.272 NotebookApp] Saving file at /my-code/patents.ipynb
[/127.0.0.1:59894] API call w/annotators tokenize,ssplit,pos,depparse,lemma,ner
[I 17:09:30.260 NotebookApp] Saving file at /my-code/patents.ipynb
[/127.0.0.1:59894] API call w/annotators tokenize,ssplit,pos,depparse,lemma,ner
[/127.0.0.1:59894] API call w/annotators tokenize,ssplit,pos,depparse,lemma,ner
[/127.0.0.1:59894] API call w/annotators tokenize,ssplit,pos,depparse,lemma,ner
[/127.0.0.1:59894] API call w/annotators tokenize,ssplit,pos,depparse,lemma,ner
[/127.0.0.1:59894] API call w/annotators tokenize,ssplit,pos,depparse,lemma,ner
[I 17:11:30.111 NotebookApp] Saving file at /my-code/patents.ipynb
[I 17:16:15.121 NotebookApp] Saving file at /my-code/patents.ipynb
[I 17:29:30.287 NotebookApp] Saving file at /my-code/patents.ipynb
Collecting https://github.com/explosion/spacy-models/releases/download/en_core_web_sm-1.2.0/en_core_web_sm-1.2.0.tar.gz
  Downloading https://github.com/explosion/spacy-models/releases/download/en_core_web_sm-1.2.0/en_core_web_sm-1.2.0.tar.gz (52.2MB)
Requirement already satisfied: spacy<2.0.0,>=1.7.0 in /home/antonis/anaconda2/envs/python27/lib/python2.7/site-packages (from en-core-web-sm==1.2.0)
Requirement already satisfied: pathlib in /home/antonis/anaconda2/envs/python27/lib/python2.7/site-packages (from spacy<2.0.0,>=1.7.0->en-core-web-sm==1.2.0)
Requirement already satisfied: preshed<2.0.0,>=1.0.0 in /home/antonis/anaconda2/envs/python27/lib/python2.7/site-packages (from spacy<2.0.0,>=1.7.0->en-core-web-sm==1.2.0)
Requirement already satisfied: plac<1.0.0,>=0.9.6 in /home/antonis/anaconda2/envs/python27/lib/python2.7/site-packages (from spacy<2.0.0,>=1.7.0->en-core-web-sm==1.2.0)
Requirement already satisfied: requests<3.0.0,>=2.13.0 in /home/antonis/anaconda2/envs/python27/lib/python2.7/site-packages (from spacy<2.0.0,>=1.7.0->en-core-web-sm==1.2.0)
Requirement already satisfied: numpy>=1.7 in /home/antonis/anaconda2/envs/python27/lib/python2.7/site-packages (from spacy<2.0.0,>=1.7.0->en-core-web-sm==1.2.0)
Requirement already satisfied: thinc<6.6.0,>=6.5.0 in /home/antonis/anaconda2/envs/python27/lib/python2.7/site-packages (from spacy<2.0.0,>=1.7.0->en-core-web-sm==1.2.0)
Requirement already satisfied: murmurhash<0.27,>=0.26 in /home/antonis/anaconda2/envs/python27/lib/python2.7/site-packages (from spacy<2.0.0,>=1.7.0->en-core-web-sm==1.2.0)
Requirement already satisfied: dill<0.3,>=0.2 in /home/antonis/anaconda2/envs/python27/lib/python2.7/site-packages (from spacy<2.0.0,>=1.7.0->en-core-web-sm==1.2.0)
Requirement already satisfied: six in /home/antonis/anaconda2/envs/python27/lib/python2.7/site-packages (from spacy<2.0.0,>=1.7.0->en-core-web-sm==1.2.0)
Requirement already satisfied: ujson>=1.35 in /home/antonis/anaconda2/envs/python27/lib/python2.7/site-packages (from spacy<2.0.0,>=1.7.0->en-core-web-sm==1.2.0)
Requirement already satisfied: regex<2017.12.1,>=2017.4.1 in /home/antonis/anaconda2/envs/python27/lib/python2.7/site-packages (from spacy<2.0.0,>=1.7.0->en-core-web-sm==1.2.0)
Requirement already satisfied: ftfy<5.0.0,>=4.4.2 in /home/antonis/anaconda2/envs/python27/lib/python2.7/site-packages (from spacy<2.0.0,>=1.7.0->en-core-web-sm==1.2.0)
Requirement already satisfied: pip<10.0.0,>=9.0.0 in /home/antonis/anaconda2/envs/python27/lib/python2.7/site-packages (from spacy<2.0.0,>=1.7.0->en-core-web-sm==1.2.0)
Requirement already satisfied: cymem<1.32,>=1.30 in /home/antonis/anaconda2/envs/python27/lib/python2.7/site-packages (from spacy<2.0.0,>=1.7.0->en-core-web-sm==1.2.0)
Requirement already satisfied: chardet<3.1.0,>=3.0.2 in /home/antonis/anaconda2/envs/python27/lib/python2.7/site-packages (from requests<3.0.0,>=2.13.0->spacy<2.0.0,>=1.7.0->en-core-web-sm==1.2.0)
Requirement already satisfied: idna<2.7,>=2.5 in /home/antonis/anaconda2/envs/python27/lib/python2.7/site-packages (from requests<3.0.0,>=2.13.0->spacy<2.0.0,>=1.7.0->en-core-web-sm==1.2.0)
Requirement already satisfied: urllib3<1.23,>=1.21.1 in /home/antonis/anaconda2/envs/python27/lib/python2.7/site-packages (from requests<3.0.0,>=2.13.0->spacy<2.0.0,>=1.7.0->en-core-web-sm==1.2.0)
Requirement already satisfied: certifi>=2017.4.17 in /home/antonis/anaconda2/envs/python27/lib/python2.7/site-packages (from requests<3.0.0,>=2.13.0->spacy<2.0.0,>=1.7.0->en-core-web-sm==1.2.0)
Requirement already satisfied: tqdm<5.0.0,>=4.10.0 in /home/antonis/anaconda2/envs/python27/lib/python2.7/site-packages (from thinc<6.6.0,>=6.5.0->spacy<2.0.0,>=1.7.0->en-core-web-sm==1.2.0)
Requirement already satisfied: cytoolz<0.9,>=0.8 in /home/antonis/anaconda2/envs/python27/lib/python2.7/site-packages (from thinc<6.6.0,>=6.5.0->spacy<2.0.0,>=1.7.0->en-core-web-sm==1.2.0)
Requirement already satisfied: wrapt in /home/antonis/anaconda2/envs/python27/lib/python2.7/site-packages (from thinc<6.6.0,>=6.5.0->spacy<2.0.0,>=1.7.0->en-core-web-sm==1.2.0)
Requirement already satisfied: termcolor in /home/antonis/anaconda2/envs/python27/lib/python2.7/site-packages (from thinc<6.6.0,>=6.5.0->spacy<2.0.0,>=1.7.0->en-core-web-sm==1.2.0)
Requirement already satisfied: wcwidth in /home/antonis/anaconda2/envs/python27/lib/python2.7/site-packages (from ftfy<5.0.0,>=4.4.2->spacy<2.0.0,>=1.7.0->en-core-web-sm==1.2.0)
Requirement already satisfied: html5lib in /home/antonis/anaconda2/envs/python27/lib/python2.7/site-packages (from ftfy<5.0.0,>=4.4.2->spacy<2.0.0,>=1.7.0->en-core-web-sm==1.2.0)
Requirement already satisfied: toolz>=0.8.0 in /home/antonis/anaconda2/envs/python27/lib/python2.7/site-packages (from cytoolz<0.9,>=0.8->thinc<6.6.0,>=6.5.0->spacy<2.0.0,>=1.7.0->en-core-web-sm==1.2.0)
Requirement already satisfied: webencodings in /home/antonis/anaconda2/envs/python27/lib/python2.7/site-packages (from html5lib->ftfy<5.0.0,>=4.4.2->spacy<2.0.0,>=1.7.0->en-core-web-sm==1.2.0)
Installing collected packages: en-core-web-sm
  Running setup.py install for en-core-web-sm: started
    Running setup.py install for en-core-web-sm: finished with status 'done'
Successfully installed en-core-web-sm-1.2.0
[I 17:31:30.140 NotebookApp] Saving file at /my-code/patents.ipynb
[I 17:36:14.183 NotebookApp] Saving file at /my-code/patents.ipynb
[I 17:36:20.194 NotebookApp] Starting buffering for 8ded24a4-dce6-40b4-8b10-4d5be9f8966c:2b930c0e64704e07917b77bd51d90591
[I 17:36:21.106 NotebookApp] Kernel restarted: 8ded24a4-dce6-40b4-8b10-4d5be9f8966c
[I 17:36:21.723 NotebookApp] Adapting to protocol v5.1 for kernel 8ded24a4-dce6-40b4-8b10-4d5be9f8966c
[I 17:36:21.724 NotebookApp] Restoring connection for 8ded24a4-dce6-40b4-8b10-4d5be9f8966c:2b930c0e64704e07917b77bd51d90591
[I 17:36:21.724 NotebookApp] Replaying 3 buffered messages
[I 17:37:30.138 NotebookApp] Saving file at /my-code/patents.ipynb
[I 17:41:30.295 NotebookApp] Saving file at /my-code/patents.ipynb
[I 17:43:07.502 NotebookApp] Saving file at /my-code/patents.ipynb
[I 17:43:30.148 NotebookApp] Saving file at /my-code/patents.ipynb
[I 17:45:30.157 NotebookApp] Saving file at /my-code/patents.ipynb
[I 17:47:30.188 NotebookApp] Saving file at /my-code/patents.ipynb
[I 17:51:30.338 NotebookApp] Saving file at /my-code/patents.ipynb
[I 17:53:30.321 NotebookApp] Saving file at /my-code/patents.ipynb
[I 17:54:17.601 NotebookApp] Saving file at /my-code/patents.ipynb
[I 17:54:38.374 NotebookApp] Saving file at /my-code/patents.ipynb
[I 17:54:41.242 NotebookApp] Starting buffering for 8ded24a4-dce6-40b4-8b10-4d5be9f8966c:2b930c0e64704e07917b77bd51d90591
[I 17:54:42.153 NotebookApp] Kernel restarted: 8ded24a4-dce6-40b4-8b10-4d5be9f8966c
[I 17:54:42.773 NotebookApp] Adapting to protocol v5.1 for kernel 8ded24a4-dce6-40b4-8b10-4d5be9f8966c
[I 17:54:42.773 NotebookApp] Restoring connection for 8ded24a4-dce6-40b4-8b10-4d5be9f8966c:2b930c0e64704e07917b77bd51d90591
[I 17:54:42.773 NotebookApp] Replaying 6 buffered messages
[I 17:55:30.163 NotebookApp] Saving file at /my-code/patents.ipynb
[I 17:57:30.162 NotebookApp] Saving file at /my-code/patents.ipynb
[I 17:59:46.299 NotebookApp] Starting buffering for 8ded24a4-dce6-40b4-8b10-4d5be9f8966c:2b930c0e64704e07917b77bd51d90591
[I 17:59:46.714 NotebookApp] Kernel restarted: 8ded24a4-dce6-40b4-8b10-4d5be9f8966c
[I 17:59:47.407 NotebookApp] Adapting to protocol v5.1 for kernel 8ded24a4-dce6-40b4-8b10-4d5be9f8966c
[I 17:59:47.408 NotebookApp] Restoring connection for 8ded24a4-dce6-40b4-8b10-4d5be9f8966c:2b930c0e64704e07917b77bd51d90591
[I 17:59:47.408 NotebookApp] Replaying 6 buffered messages
[I 18:01:03.111 NotebookApp] Saving file at /my-code/patents.ipynb
[I 18:01:05.401 NotebookApp] Saving file at /my-code/patents.ipynb
[I 18:03:30.177 NotebookApp] Saving file at /my-code/patents.ipynb
[I 18:03:44.171 NotebookApp] Starting buffering for 8ded24a4-dce6-40b4-8b10-4d5be9f8966c:2b930c0e64704e07917b77bd51d90591
[I 18:03:44.580 NotebookApp] Kernel restarted: 8ded24a4-dce6-40b4-8b10-4d5be9f8966c
[I 18:03:45.293 NotebookApp] Adapting to protocol v5.1 for kernel 8ded24a4-dce6-40b4-8b10-4d5be9f8966c
[I 18:03:45.294 NotebookApp] Restoring connection for 8ded24a4-dce6-40b4-8b10-4d5be9f8966c:2b930c0e64704e07917b77bd51d90591
[I 18:03:45.294 NotebookApp] Replaying 3 buffered messages
[I 18:05:30.179 NotebookApp] Saving file at /my-code/patents.ipynb
[I 18:07:30.333 NotebookApp] Saving file at /my-code/patents.ipynb
[I 18:11:41.750 NotebookApp] Starting buffering for 8ded24a4-dce6-40b4-8b10-4d5be9f8966c:2b930c0e64704e07917b77bd51d90591
[I 18:11:42.563 NotebookApp] Kernel restarted: 8ded24a4-dce6-40b4-8b10-4d5be9f8966c
[I 18:11:43.197 NotebookApp] Adapting to protocol v5.1 for kernel 8ded24a4-dce6-40b4-8b10-4d5be9f8966c
[I 18:11:43.198 NotebookApp] Restoring connection for 8ded24a4-dce6-40b4-8b10-4d5be9f8966c:2b930c0e64704e07917b77bd51d90591
[I 18:11:43.198 NotebookApp] Replaying 3 buffered messages
[I 18:13:05.035 NotebookApp] Saving file at /my-code/patents.ipynb
[I 18:13:27.843 NotebookApp] Saving file at /my-code/patents.ipynb
[I 18:13:36.931 NotebookApp] Starting buffering for 8ded24a4-dce6-40b4-8b10-4d5be9f8966c:2b930c0e64704e07917b77bd51d90591
[I 18:13:37.635 NotebookApp] Kernel shutdown: 8ded24a4-dce6-40b4-8b10-4d5be9f8966c
[W 06:55:54.927 NotebookApp] 403 POST /api/shutdown (127.0.0.1): '_xsrf' argument missing from POST
[W 06:55:54.929 NotebookApp] 403 POST /api/shutdown (127.0.0.1) 2.08ms referer=None
[W 06:56:54.705 NotebookApp] 403 POST /api/shutdown (127.0.0.1): '_xsrf' argument missing from POST
[W 06:56:54.706 NotebookApp] 403 POST /api/shutdown (127.0.0.1) 1.82ms referer=None
[C 06:57:21.904 NotebookApp] received signal 15, stopping
[I 06:57:21.905 NotebookApp] Shutting down 0 kernels
/home/antonis/snorkel/set_env.sh: 1: /home/antonis/snorkel/set_env.sh: Bad substitution
Snorkel home directory: /home/antonis/snorkel
/home/antonis/snorkel/set_env.sh: 4: /home/antonis/snorkel/set_env.sh: [[: not found
Using PYTHONPATH=:/home/antonis/snorkel:/home/antonis/snorkel/treedlib
Environment variables set!
/home/antonis/snorkel/set_env.sh: 1: /home/antonis/snorkel/set_env.sh: Bad substitution
Snorkel home directory: /home/antonis/snorkel
/home/antonis/snorkel/set_env.sh: 4: /home/antonis/snorkel/set_env.sh: [[: not found
Using PYTHONPATH=:/home/antonis/snorkel:/home/antonis/snorkel/treedlib
Environment variables set!
[I 15:21:44.124 NotebookApp] Writing notebook server cookie secret to /run/user/1000/jupyter/notebook_cookie_secret
[I 15:21:44.227 NotebookApp] Serving notebooks from local directory: /home/antonis/ipythonNotebooks/snorkel-ml
[I 15:21:44.227 NotebookApp] 0 active kernels
[I 15:21:44.227 NotebookApp] The Jupyter Notebook is running at:
[I 15:21:44.227 NotebookApp] http://localhost:8999/?token=0358e3e8af535197e1c1abb0a5f0fe6962edc4e6aff47431
[I 15:21:44.228 NotebookApp] Use Control-C to stop this server and shut down all kernels (twice to skip confirmation).
[C 15:21:44.228 NotebookApp] 
    
    Copy/paste this URL into your browser when you connect for the first time,
    to login with a token:
        http://localhost:8999/?token=0358e3e8af535197e1c1abb0a5f0fe6962edc4e6aff47431
[I 15:22:37.366 NotebookApp] Shutting down on /api/shutdown request.
[I 15:22:37.366 NotebookApp] Shutting down 0 kernels
[I 15:28:41.815 NotebookApp] Serving notebooks from local directory: /home/antonis/ipythonNotebooks/snorkel-ml
[I 15:28:41.815 NotebookApp] 0 active kernels
[I 15:28:41.815 NotebookApp] The Jupyter Notebook is running at:
[I 15:28:41.815 NotebookApp] http://localhost:8888/?token=0dc61382a8155fa99fa4426cca3833a4e8408f41b97e94e6
[I 15:28:41.815 NotebookApp] Use Control-C to stop this server and shut down all kernels (twice to skip confirmation).
[C 15:28:41.816 NotebookApp] 
    
    Copy/paste this URL into your browser when you connect for the first time,
    to login with a token:
        http://localhost:8888/?token=0dc61382a8155fa99fa4426cca3833a4e8408f41b97e94e6
[I 15:28:42.044 NotebookApp] Accepting one-time-token-authenticated connection from 127.0.0.1
[I 15:29:05.379 NotebookApp] Interrupted...
[I 15:29:05.380 NotebookApp] Shutting down 0 kernels
